15.04.2024 09:46:30.084 [main] INFO  r.f.i.p.PpkConverterGeojsonApplication - Starting PpkConverterGeojsonApplication using Java 17.0.9 with PID 1908 (C:\Users\Denis\IdeaProjects\ppk-converter-geojson\target\classes started by Denis in C:\Users\Denis\IdeaProjects\ppk-converter-geojson)
15.04.2024 09:46:30.087 [main] INFO  r.f.i.p.PpkConverterGeojsonApplication - No active profile set, falling back to 1 default profile: "default"
15.04.2024 09:46:30.802 [main] INFO  o.s.b.w.e.t.TomcatWebServer - Tomcat initialized with port 8080 (http)
15.04.2024 09:46:30.809 [main] INFO  o.a.c.h.Http11NioProtocol - Initializing ProtocolHandler ["http-nio-8080"]
15.04.2024 09:46:30.810 [main] INFO  o.a.c.c.StandardService - Starting service [Tomcat]
15.04.2024 09:46:30.811 [main] INFO  o.a.c.c.StandardEngine - Starting Servlet engine: [Apache Tomcat/10.1.19]
15.04.2024 09:46:30.849 [main] INFO  o.a.c.c.C.[.[.[/] - Initializing Spring embedded WebApplicationContext
15.04.2024 09:46:30.850 [main] INFO  o.s.b.w.s.c.ServletWebServerApplicationContext - Root WebApplicationContext: initialization completed in 730 ms
15.04.2024 09:46:31.000 [main] INFO  o.s.b.a.w.s.WelcomePageHandlerMapping - Adding welcome page: class path resource [static/index.html]
15.04.2024 09:46:31.220 [main] INFO  o.a.c.h.Http11NioProtocol - Starting ProtocolHandler ["http-nio-8080"]
15.04.2024 09:46:31.225 [main] WARN  o.s.b.w.s.c.AnnotationConfigServletWebServerApplicationContext - Exception encountered during context initialization - cancelling refresh attempt: org.springframework.context.ApplicationContextException: Failed to start bean 'webServerStartStop'
15.04.2024 09:46:31.238 [main] INFO  o.s.b.a.l.ConditionEvaluationReportLogger - 

Error starting ApplicationContext. To display the condition evaluation report re-run your application with 'debug' enabled.
15.04.2024 09:46:31.250 [main] ERROR o.s.b.d.LoggingFailureAnalysisReporter - 

***************************
APPLICATION FAILED TO START
***************************

Description:

Web server failed to start. Port 8080 was already in use.

Action:

Identify and stop the process that's listening on port 8080 or configure this application to listen on another port.

15.04.2024 09:46:48.650 [main] INFO  r.f.i.p.PpkConverterGeojsonApplication - Starting PpkConverterGeojsonApplication using Java 17.0.9 with PID 20240 (C:\Users\Denis\IdeaProjects\ppk-converter-geojson\target\classes started by Denis in C:\Users\Denis\IdeaProjects\ppk-converter-geojson)
15.04.2024 09:46:48.652 [main] INFO  r.f.i.p.PpkConverterGeojsonApplication - No active profile set, falling back to 1 default profile: "default"
15.04.2024 09:46:49.289 [main] INFO  o.s.b.w.e.t.TomcatWebServer - Tomcat initialized with port 8080 (http)
15.04.2024 09:46:49.297 [main] INFO  o.a.c.h.Http11NioProtocol - Initializing ProtocolHandler ["http-nio-8080"]
15.04.2024 09:46:49.298 [main] INFO  o.a.c.c.StandardService - Starting service [Tomcat]
15.04.2024 09:46:49.298 [main] INFO  o.a.c.c.StandardEngine - Starting Servlet engine: [Apache Tomcat/10.1.19]
15.04.2024 09:46:49.333 [main] INFO  o.a.c.c.C.[.[.[/] - Initializing Spring embedded WebApplicationContext
15.04.2024 09:46:49.334 [main] INFO  o.s.b.w.s.c.ServletWebServerApplicationContext - Root WebApplicationContext: initialization completed in 652 ms
15.04.2024 09:46:49.482 [main] INFO  o.s.b.a.w.s.WelcomePageHandlerMapping - Adding welcome page: class path resource [static/index.html]
15.04.2024 09:46:49.712 [main] INFO  o.a.c.h.Http11NioProtocol - Starting ProtocolHandler ["http-nio-8080"]
15.04.2024 09:46:49.717 [main] WARN  o.s.b.w.s.c.AnnotationConfigServletWebServerApplicationContext - Exception encountered during context initialization - cancelling refresh attempt: org.springframework.context.ApplicationContextException: Failed to start bean 'webServerStartStop'
15.04.2024 09:46:49.727 [main] INFO  o.s.b.a.l.ConditionEvaluationReportLogger - 

Error starting ApplicationContext. To display the condition evaluation report re-run your application with 'debug' enabled.
15.04.2024 09:46:49.737 [main] ERROR o.s.b.d.LoggingFailureAnalysisReporter - 

***************************
APPLICATION FAILED TO START
***************************

Description:

Web server failed to start. Port 8080 was already in use.

Action:

Identify and stop the process that's listening on port 8080 or configure this application to listen on another port.

15.04.2024 09:47:13.665 [main] INFO  r.f.i.p.PpkConverterGeojsonApplication - Starting PpkConverterGeojsonApplication using Java 17.0.9 with PID 16520 (C:\Users\Denis\IdeaProjects\ppk-converter-geojson\target\classes started by Denis in C:\Users\Denis\IdeaProjects\ppk-converter-geojson)
15.04.2024 09:47:13.667 [main] INFO  r.f.i.p.PpkConverterGeojsonApplication - No active profile set, falling back to 1 default profile: "default"
15.04.2024 09:47:14.264 [main] INFO  o.s.b.w.e.t.TomcatWebServer - Tomcat initialized with port 8080 (http)
15.04.2024 09:47:14.270 [main] INFO  o.a.c.h.Http11NioProtocol - Initializing ProtocolHandler ["http-nio-8080"]
15.04.2024 09:47:14.271 [main] INFO  o.a.c.c.StandardService - Starting service [Tomcat]
15.04.2024 09:47:14.272 [main] INFO  o.a.c.c.StandardEngine - Starting Servlet engine: [Apache Tomcat/10.1.19]
15.04.2024 09:47:14.316 [main] INFO  o.a.c.c.C.[.[.[/] - Initializing Spring embedded WebApplicationContext
15.04.2024 09:47:14.316 [main] INFO  o.s.b.w.s.c.ServletWebServerApplicationContext - Root WebApplicationContext: initialization completed in 625 ms
15.04.2024 09:47:14.450 [main] INFO  o.s.b.a.w.s.WelcomePageHandlerMapping - Adding welcome page: class path resource [static/index.html]
15.04.2024 09:47:14.640 [main] INFO  o.a.c.h.Http11NioProtocol - Starting ProtocolHandler ["http-nio-8080"]
15.04.2024 09:47:14.644 [main] WARN  o.s.b.w.s.c.AnnotationConfigServletWebServerApplicationContext - Exception encountered during context initialization - cancelling refresh attempt: org.springframework.context.ApplicationContextException: Failed to start bean 'webServerStartStop'
15.04.2024 09:47:14.653 [main] INFO  o.s.b.a.l.ConditionEvaluationReportLogger - 

Error starting ApplicationContext. To display the condition evaluation report re-run your application with 'debug' enabled.
15.04.2024 09:47:14.663 [main] ERROR o.s.b.d.LoggingFailureAnalysisReporter - 

***************************
APPLICATION FAILED TO START
***************************

Description:

Web server failed to start. Port 8080 was already in use.

Action:

Identify and stop the process that's listening on port 8080 or configure this application to listen on another port.

15.04.2024 09:47:23.995 [main] INFO  r.f.i.p.PpkConverterGeojsonApplication - Starting PpkConverterGeojsonApplication using Java 17.0.9 with PID 572 (C:\Users\Denis\IdeaProjects\ppk-converter-geojson\target\classes started by Denis in C:\Users\Denis\IdeaProjects\ppk-converter-geojson)
15.04.2024 09:47:23.997 [main] INFO  r.f.i.p.PpkConverterGeojsonApplication - No active profile set, falling back to 1 default profile: "default"
15.04.2024 09:47:24.600 [main] INFO  o.s.b.w.e.t.TomcatWebServer - Tomcat initialized with port 8080 (http)
15.04.2024 09:47:24.606 [main] INFO  o.a.c.h.Http11NioProtocol - Initializing ProtocolHandler ["http-nio-8080"]
15.04.2024 09:47:24.607 [main] INFO  o.a.c.c.StandardService - Starting service [Tomcat]
15.04.2024 09:47:24.607 [main] INFO  o.a.c.c.StandardEngine - Starting Servlet engine: [Apache Tomcat/10.1.19]
15.04.2024 09:47:24.640 [main] INFO  o.a.c.c.C.[.[.[/] - Initializing Spring embedded WebApplicationContext
15.04.2024 09:47:24.641 [main] INFO  o.s.b.w.s.c.ServletWebServerApplicationContext - Root WebApplicationContext: initialization completed in 618 ms
15.04.2024 09:47:24.783 [main] INFO  o.s.b.a.w.s.WelcomePageHandlerMapping - Adding welcome page: class path resource [static/index.html]
15.04.2024 09:47:24.977 [main] INFO  o.a.c.h.Http11NioProtocol - Starting ProtocolHandler ["http-nio-8080"]
15.04.2024 09:47:24.980 [main] WARN  o.s.b.w.s.c.AnnotationConfigServletWebServerApplicationContext - Exception encountered during context initialization - cancelling refresh attempt: org.springframework.context.ApplicationContextException: Failed to start bean 'webServerStartStop'
15.04.2024 09:47:24.989 [main] INFO  o.s.b.a.l.ConditionEvaluationReportLogger - 

Error starting ApplicationContext. To display the condition evaluation report re-run your application with 'debug' enabled.
15.04.2024 09:47:24.999 [main] ERROR o.s.b.d.LoggingFailureAnalysisReporter - 

***************************
APPLICATION FAILED TO START
***************************

Description:

Web server failed to start. Port 8080 was already in use.

Action:

Identify and stop the process that's listening on port 8080 or configure this application to listen on another port.

15.04.2024 09:47:36.804 [main] INFO  r.f.i.p.PpkConverterGeojsonApplication - Starting PpkConverterGeojsonApplication using Java 17.0.9 with PID 11800 (C:\Users\Denis\IdeaProjects\ppk-converter-geojson\target\classes started by Denis in C:\Users\Denis\IdeaProjects\ppk-converter-geojson)
15.04.2024 09:47:36.805 [main] INFO  r.f.i.p.PpkConverterGeojsonApplication - No active profile set, falling back to 1 default profile: "default"
15.04.2024 09:47:37.382 [main] INFO  o.s.b.w.e.t.TomcatWebServer - Tomcat initialized with port 8080 (http)
15.04.2024 09:47:37.390 [main] INFO  o.a.c.h.Http11NioProtocol - Initializing ProtocolHandler ["http-nio-8080"]
15.04.2024 09:47:37.391 [main] INFO  o.a.c.c.StandardService - Starting service [Tomcat]
15.04.2024 09:47:37.393 [main] INFO  o.a.c.c.StandardEngine - Starting Servlet engine: [Apache Tomcat/10.1.19]
15.04.2024 09:47:37.428 [main] INFO  o.a.c.c.C.[.[.[/] - Initializing Spring embedded WebApplicationContext
15.04.2024 09:47:37.429 [main] INFO  o.s.b.w.s.c.ServletWebServerApplicationContext - Root WebApplicationContext: initialization completed in 597 ms
15.04.2024 09:47:37.562 [main] INFO  o.s.b.a.w.s.WelcomePageHandlerMapping - Adding welcome page: class path resource [static/index.html]
15.04.2024 09:47:37.764 [main] INFO  o.a.c.h.Http11NioProtocol - Starting ProtocolHandler ["http-nio-8080"]
15.04.2024 09:47:37.767 [main] WARN  o.s.b.w.s.c.AnnotationConfigServletWebServerApplicationContext - Exception encountered during context initialization - cancelling refresh attempt: org.springframework.context.ApplicationContextException: Failed to start bean 'webServerStartStop'
15.04.2024 09:47:37.778 [main] INFO  o.s.b.a.l.ConditionEvaluationReportLogger - 

Error starting ApplicationContext. To display the condition evaluation report re-run your application with 'debug' enabled.
15.04.2024 09:47:37.788 [main] ERROR o.s.b.d.LoggingFailureAnalysisReporter - 

***************************
APPLICATION FAILED TO START
***************************

Description:

Web server failed to start. Port 8080 was already in use.

Action:

Identify and stop the process that's listening on port 8080 or configure this application to listen on another port.

15.04.2024 09:47:54.394 [main] INFO  r.f.i.p.PpkConverterGeojsonApplication - Starting PpkConverterGeojsonApplication using Java 17.0.9 with PID 17356 (C:\Users\Denis\IdeaProjects\ppk-converter-geojson\target\classes started by Denis in C:\Users\Denis\IdeaProjects\ppk-converter-geojson)
15.04.2024 09:47:54.395 [main] INFO  r.f.i.p.PpkConverterGeojsonApplication - No active profile set, falling back to 1 default profile: "default"
15.04.2024 09:47:54.983 [main] INFO  o.s.b.w.e.t.TomcatWebServer - Tomcat initialized with port 8080 (http)
15.04.2024 09:47:54.989 [main] INFO  o.a.c.h.Http11NioProtocol - Initializing ProtocolHandler ["http-nio-8080"]
15.04.2024 09:47:54.991 [main] INFO  o.a.c.c.StandardService - Starting service [Tomcat]
15.04.2024 09:47:54.991 [main] INFO  o.a.c.c.StandardEngine - Starting Servlet engine: [Apache Tomcat/10.1.19]
15.04.2024 09:47:55.025 [main] INFO  o.a.c.c.C.[.[.[/] - Initializing Spring embedded WebApplicationContext
15.04.2024 09:47:55.025 [main] INFO  o.s.b.w.s.c.ServletWebServerApplicationContext - Root WebApplicationContext: initialization completed in 601 ms
15.04.2024 09:47:55.163 [main] INFO  o.s.b.a.w.s.WelcomePageHandlerMapping - Adding welcome page: class path resource [static/index.html]
15.04.2024 09:47:55.354 [main] INFO  o.a.c.h.Http11NioProtocol - Starting ProtocolHandler ["http-nio-8080"]
15.04.2024 09:47:55.359 [main] WARN  o.s.b.w.s.c.AnnotationConfigServletWebServerApplicationContext - Exception encountered during context initialization - cancelling refresh attempt: org.springframework.context.ApplicationContextException: Failed to start bean 'webServerStartStop'
15.04.2024 09:47:55.368 [main] INFO  o.s.b.a.l.ConditionEvaluationReportLogger - 

Error starting ApplicationContext. To display the condition evaluation report re-run your application with 'debug' enabled.
15.04.2024 09:47:55.379 [main] ERROR o.s.b.d.LoggingFailureAnalysisReporter - 

***************************
APPLICATION FAILED TO START
***************************

Description:

Web server failed to start. Port 8080 was already in use.

Action:

Identify and stop the process that's listening on port 8080 or configure this application to listen on another port.

15.04.2024 09:48:00.759 [main] INFO  r.f.i.p.PpkConverterGeojsonApplication - Starting PpkConverterGeojsonApplication using Java 17.0.9 with PID 21300 (C:\Users\Denis\IdeaProjects\ppk-converter-geojson\target\classes started by Denis in C:\Users\Denis\IdeaProjects\ppk-converter-geojson)
15.04.2024 09:48:00.760 [main] INFO  r.f.i.p.PpkConverterGeojsonApplication - No active profile set, falling back to 1 default profile: "default"
15.04.2024 09:48:01.306 [main] INFO  o.s.b.w.e.t.TomcatWebServer - Tomcat initialized with port 8080 (http)
15.04.2024 09:48:01.312 [main] INFO  o.a.c.h.Http11NioProtocol - Initializing ProtocolHandler ["http-nio-8080"]
15.04.2024 09:48:01.313 [main] INFO  o.a.c.c.StandardService - Starting service [Tomcat]
15.04.2024 09:48:01.313 [main] INFO  o.a.c.c.StandardEngine - Starting Servlet engine: [Apache Tomcat/10.1.19]
15.04.2024 09:48:01.343 [main] INFO  o.a.c.c.C.[.[.[/] - Initializing Spring embedded WebApplicationContext
15.04.2024 09:48:01.343 [main] INFO  o.s.b.w.s.c.ServletWebServerApplicationContext - Root WebApplicationContext: initialization completed in 557 ms
15.04.2024 09:48:01.488 [main] INFO  o.s.b.a.w.s.WelcomePageHandlerMapping - Adding welcome page: class path resource [static/index.html]
15.04.2024 09:48:01.712 [main] INFO  o.a.c.h.Http11NioProtocol - Starting ProtocolHandler ["http-nio-8080"]
15.04.2024 09:48:01.716 [main] WARN  o.s.b.w.s.c.AnnotationConfigServletWebServerApplicationContext - Exception encountered during context initialization - cancelling refresh attempt: org.springframework.context.ApplicationContextException: Failed to start bean 'webServerStartStop'
15.04.2024 09:48:01.727 [main] INFO  o.s.b.a.l.ConditionEvaluationReportLogger - 

Error starting ApplicationContext. To display the condition evaluation report re-run your application with 'debug' enabled.
15.04.2024 09:48:01.738 [main] ERROR o.s.b.d.LoggingFailureAnalysisReporter - 

***************************
APPLICATION FAILED TO START
***************************

Description:

Web server failed to start. Port 8080 was already in use.

Action:

Identify and stop the process that's listening on port 8080 or configure this application to listen on another port.

15.04.2024 09:48:13.143 [main] INFO  r.f.i.p.PpkConverterGeojsonApplication - Starting PpkConverterGeojsonApplication using Java 17.0.9 with PID 6532 (C:\Users\Denis\IdeaProjects\ppk-converter-geojson\target\classes started by Denis in C:\Users\Denis\IdeaProjects\ppk-converter-geojson)
15.04.2024 09:48:13.144 [main] INFO  r.f.i.p.PpkConverterGeojsonApplication - No active profile set, falling back to 1 default profile: "default"
15.04.2024 09:48:13.728 [main] INFO  o.s.b.w.e.t.TomcatWebServer - Tomcat initialized with port 8080 (http)
15.04.2024 09:48:13.734 [main] INFO  o.a.c.h.Http11NioProtocol - Initializing ProtocolHandler ["http-nio-8080"]
15.04.2024 09:48:13.735 [main] INFO  o.a.c.c.StandardService - Starting service [Tomcat]
15.04.2024 09:48:13.735 [main] INFO  o.a.c.c.StandardEngine - Starting Servlet engine: [Apache Tomcat/10.1.19]
15.04.2024 09:48:13.774 [main] INFO  o.a.c.c.C.[.[.[/] - Initializing Spring embedded WebApplicationContext
15.04.2024 09:48:13.774 [main] INFO  o.s.b.w.s.c.ServletWebServerApplicationContext - Root WebApplicationContext: initialization completed in 605 ms
15.04.2024 09:48:13.905 [main] INFO  o.s.b.a.w.s.WelcomePageHandlerMapping - Adding welcome page: class path resource [static/index.html]
15.04.2024 09:48:14.098 [main] INFO  o.a.c.h.Http11NioProtocol - Starting ProtocolHandler ["http-nio-8080"]
15.04.2024 09:48:14.102 [main] WARN  o.s.b.w.s.c.AnnotationConfigServletWebServerApplicationContext - Exception encountered during context initialization - cancelling refresh attempt: org.springframework.context.ApplicationContextException: Failed to start bean 'webServerStartStop'
15.04.2024 09:48:14.112 [main] INFO  o.s.b.a.l.ConditionEvaluationReportLogger - 

Error starting ApplicationContext. To display the condition evaluation report re-run your application with 'debug' enabled.
15.04.2024 09:48:14.124 [main] ERROR o.s.b.d.LoggingFailureAnalysisReporter - 

***************************
APPLICATION FAILED TO START
***************************

Description:

Web server failed to start. Port 8080 was already in use.

Action:

Identify and stop the process that's listening on port 8080 or configure this application to listen on another port.

15.04.2024 09:49:47.064 [main] INFO  r.f.i.p.PpkConverterGeojsonApplication - Starting PpkConverterGeojsonApplication using Java 17.0.9 with PID 18880 (C:\Users\Denis\IdeaProjects\ppk-converter-geojson\target\classes started by Denis in C:\Users\Denis\IdeaProjects\ppk-converter-geojson)
15.04.2024 09:49:47.066 [main] INFO  r.f.i.p.PpkConverterGeojsonApplication - No active profile set, falling back to 1 default profile: "default"
15.04.2024 09:49:48.283 [main] INFO  o.s.b.w.e.t.TomcatWebServer - Tomcat initialized with port 8080 (http)
15.04.2024 09:49:48.299 [main] INFO  o.a.c.h.Http11NioProtocol - Initializing ProtocolHandler ["http-nio-8080"]
15.04.2024 09:49:48.303 [main] INFO  o.a.c.c.StandardService - Starting service [Tomcat]
15.04.2024 09:49:48.303 [main] INFO  o.a.c.c.StandardEngine - Starting Servlet engine: [Apache Tomcat/10.1.19]
15.04.2024 09:49:48.389 [main] INFO  o.a.c.c.C.[.[.[/] - Initializing Spring embedded WebApplicationContext
15.04.2024 09:49:48.390 [main] INFO  o.s.b.w.s.c.ServletWebServerApplicationContext - Root WebApplicationContext: initialization completed in 1274 ms
15.04.2024 09:49:48.686 [main] INFO  o.s.b.a.w.s.WelcomePageHandlerMapping - Adding welcome page: class path resource [static/index.html]
15.04.2024 09:49:49.176 [main] INFO  o.a.c.h.Http11NioProtocol - Starting ProtocolHandler ["http-nio-8080"]
15.04.2024 09:49:49.202 [main] INFO  o.s.b.w.e.t.TomcatWebServer - Tomcat started on port 8080 (http) with context path ''
15.04.2024 09:49:49.215 [main] INFO  r.f.i.p.PpkConverterGeojsonApplication - Started PpkConverterGeojsonApplication in 2.565 seconds (process running for 3.39)
15.04.2024 09:50:19.466 [http-nio-8080-exec-1] INFO  o.a.c.c.C.[.[.[/] - Initializing Spring DispatcherServlet 'dispatcherServlet'
15.04.2024 09:50:19.466 [http-nio-8080-exec-1] INFO  o.s.w.s.DispatcherServlet - Initializing Servlet 'dispatcherServlet'
15.04.2024 09:50:19.467 [http-nio-8080-exec-1] INFO  o.s.w.s.DispatcherServlet - Completed initialization in 0 ms
15.04.2024 09:50:19.602 [http-nio-8080-exec-2] WARN  r.f.i.p.c.CommonExceptionHandler - No static resource favicon.ico.
15.04.2024 09:50:36.951 [http-nio-8080-exec-5] INFO  r.f.i.p.s.PpkConverterServiceImpl - start converting convertToGeojson
15.04.2024 09:50:37.048 [http-nio-8080-exec-5] INFO  r.f.i.p.s.PpkConverterServiceImpl - end converting convertToGeojson
15.04.2024 09:58:08.926 [main] INFO  r.f.i.p.PpkConverterGeojsonApplication - Starting PpkConverterGeojsonApplication using Java 17.0.9 with PID 15164 (C:\Users\Denis\IdeaProjects\ppk-converter-geojson\target\classes started by Denis in C:\Users\Denis\IdeaProjects\ppk-converter-geojson)
15.04.2024 09:58:08.928 [main] INFO  r.f.i.p.PpkConverterGeojsonApplication - No active profile set, falling back to 1 default profile: "default"
15.04.2024 09:58:09.481 [main] INFO  o.s.b.w.e.t.TomcatWebServer - Tomcat initialized with port 8080 (http)
15.04.2024 09:58:09.487 [main] INFO  o.a.c.h.Http11NioProtocol - Initializing ProtocolHandler ["http-nio-8080"]
15.04.2024 09:58:09.488 [main] INFO  o.a.c.c.StandardService - Starting service [Tomcat]
15.04.2024 09:58:09.488 [main] INFO  o.a.c.c.StandardEngine - Starting Servlet engine: [Apache Tomcat/10.1.19]
15.04.2024 09:58:09.527 [main] INFO  o.a.c.c.C.[.[.[/] - Initializing Spring embedded WebApplicationContext
15.04.2024 09:58:09.527 [main] INFO  o.s.b.w.s.c.ServletWebServerApplicationContext - Root WebApplicationContext: initialization completed in 572 ms
15.04.2024 09:58:09.675 [main] INFO  o.s.b.a.w.s.WelcomePageHandlerMapping - Adding welcome page: class path resource [static/index.html]
15.04.2024 09:58:09.869 [main] INFO  o.a.c.h.Http11NioProtocol - Starting ProtocolHandler ["http-nio-8080"]
15.04.2024 09:58:09.878 [main] INFO  o.s.b.w.e.t.TomcatWebServer - Tomcat started on port 8080 (http) with context path ''
15.04.2024 09:58:09.884 [main] INFO  r.f.i.p.PpkConverterGeojsonApplication - Started PpkConverterGeojsonApplication in 1.19 seconds (process running for 1.611)
15.04.2024 09:58:36.456 [main] INFO  r.f.i.p.PpkConverterGeojsonApplication - Starting PpkConverterGeojsonApplication using Java 17.0.9 with PID 13940 (C:\Users\Denis\IdeaProjects\ppk-converter-geojson\target\classes started by Denis in C:\Users\Denis\IdeaProjects\ppk-converter-geojson)
15.04.2024 09:58:36.457 [main] INFO  r.f.i.p.PpkConverterGeojsonApplication - No active profile set, falling back to 1 default profile: "default"
15.04.2024 09:58:37.026 [main] INFO  o.s.b.w.e.t.TomcatWebServer - Tomcat initialized with port 8080 (http)
15.04.2024 09:58:37.031 [main] INFO  o.a.c.h.Http11NioProtocol - Initializing ProtocolHandler ["http-nio-8080"]
15.04.2024 09:58:37.033 [main] INFO  o.a.c.c.StandardService - Starting service [Tomcat]
15.04.2024 09:58:37.033 [main] INFO  o.a.c.c.StandardEngine - Starting Servlet engine: [Apache Tomcat/10.1.19]
15.04.2024 09:58:37.062 [main] INFO  o.a.c.c.C.[.[.[/] - Initializing Spring embedded WebApplicationContext
15.04.2024 09:58:37.062 [main] INFO  o.s.b.w.s.c.ServletWebServerApplicationContext - Root WebApplicationContext: initialization completed in 581 ms
15.04.2024 09:58:37.198 [main] INFO  o.s.b.a.w.s.WelcomePageHandlerMapping - Adding welcome page: class path resource [static/index.html]
15.04.2024 09:58:37.383 [main] INFO  o.a.c.h.Http11NioProtocol - Starting ProtocolHandler ["http-nio-8080"]
15.04.2024 09:58:37.395 [main] INFO  o.s.b.w.e.t.TomcatWebServer - Tomcat started on port 8080 (http) with context path ''
15.04.2024 09:58:37.402 [main] INFO  r.f.i.p.PpkConverterGeojsonApplication - Started PpkConverterGeojsonApplication in 1.18 seconds (process running for 1.612)
15.04.2024 09:58:44.258 [main] INFO  r.f.i.p.PpkConverterGeojsonApplication - Starting PpkConverterGeojsonApplication using Java 17.0.9 with PID 18292 (C:\Users\Denis\IdeaProjects\ppk-converter-geojson\target\classes started by Denis in C:\Users\Denis\IdeaProjects\ppk-converter-geojson)
15.04.2024 09:58:44.260 [main] INFO  r.f.i.p.PpkConverterGeojsonApplication - No active profile set, falling back to 1 default profile: "default"
15.04.2024 09:58:44.850 [main] INFO  o.s.b.w.e.t.TomcatWebServer - Tomcat initialized with port 8080 (http)
15.04.2024 09:58:44.855 [main] INFO  o.a.c.h.Http11NioProtocol - Initializing ProtocolHandler ["http-nio-8080"]
15.04.2024 09:58:44.856 [main] INFO  o.a.c.c.StandardService - Starting service [Tomcat]
15.04.2024 09:58:44.856 [main] INFO  o.a.c.c.StandardEngine - Starting Servlet engine: [Apache Tomcat/10.1.19]
15.04.2024 09:58:44.886 [main] INFO  o.a.c.c.C.[.[.[/] - Initializing Spring embedded WebApplicationContext
15.04.2024 09:58:44.886 [main] INFO  o.s.b.w.s.c.ServletWebServerApplicationContext - Root WebApplicationContext: initialization completed in 599 ms
15.04.2024 09:58:45.010 [main] INFO  o.s.b.a.w.s.WelcomePageHandlerMapping - Adding welcome page: class path resource [static/index.html]
15.04.2024 09:58:45.205 [main] INFO  o.a.c.h.Http11NioProtocol - Starting ProtocolHandler ["http-nio-8080"]
15.04.2024 09:58:45.223 [main] INFO  o.s.b.w.e.t.TomcatWebServer - Tomcat started on port 8080 (http) with context path ''
15.04.2024 09:58:45.231 [main] INFO  r.f.i.p.PpkConverterGeojsonApplication - Started PpkConverterGeojsonApplication in 1.194 seconds (process running for 1.608)
15.04.2024 09:58:57.136 [main] INFO  r.f.i.p.PpkConverterGeojsonApplication - Starting PpkConverterGeojsonApplication using Java 17.0.9 with PID 14484 (C:\Users\Denis\IdeaProjects\ppk-converter-geojson\target\classes started by Denis in C:\Users\Denis\IdeaProjects\ppk-converter-geojson)
15.04.2024 09:58:57.137 [main] INFO  r.f.i.p.PpkConverterGeojsonApplication - No active profile set, falling back to 1 default profile: "default"
15.04.2024 09:58:57.713 [main] INFO  o.s.b.w.e.t.TomcatWebServer - Tomcat initialized with port 8080 (http)
15.04.2024 09:58:57.723 [main] INFO  o.a.c.h.Http11NioProtocol - Initializing ProtocolHandler ["http-nio-8080"]
15.04.2024 09:58:57.725 [main] INFO  o.a.c.c.StandardService - Starting service [Tomcat]
15.04.2024 09:58:57.726 [main] INFO  o.a.c.c.StandardEngine - Starting Servlet engine: [Apache Tomcat/10.1.19]
15.04.2024 09:58:57.767 [main] INFO  o.a.c.c.C.[.[.[/] - Initializing Spring embedded WebApplicationContext
15.04.2024 09:58:57.768 [main] INFO  o.s.b.w.s.c.ServletWebServerApplicationContext - Root WebApplicationContext: initialization completed in 606 ms
15.04.2024 09:58:57.978 [main] INFO  o.s.b.a.w.s.WelcomePageHandlerMapping - Adding welcome page: class path resource [static/index.html]
15.04.2024 09:58:58.157 [main] INFO  o.a.c.h.Http11NioProtocol - Starting ProtocolHandler ["http-nio-8080"]
15.04.2024 09:58:58.168 [main] INFO  o.s.b.w.e.t.TomcatWebServer - Tomcat started on port 8080 (http) with context path ''
15.04.2024 09:58:58.175 [main] INFO  r.f.i.p.PpkConverterGeojsonApplication - Started PpkConverterGeojsonApplication in 1.252 seconds (process running for 1.664)
15.04.2024 09:59:07.601 [main] INFO  r.f.i.p.PpkConverterGeojsonApplication - Starting PpkConverterGeojsonApplication using Java 17.0.9 with PID 7832 (C:\Users\Denis\IdeaProjects\ppk-converter-geojson\target\classes started by Denis in C:\Users\Denis\IdeaProjects\ppk-converter-geojson)
15.04.2024 09:59:07.602 [main] INFO  r.f.i.p.PpkConverterGeojsonApplication - No active profile set, falling back to 1 default profile: "default"
15.04.2024 09:59:08.175 [main] INFO  o.s.b.w.e.t.TomcatWebServer - Tomcat initialized with port 8080 (http)
15.04.2024 09:59:08.180 [main] INFO  o.a.c.h.Http11NioProtocol - Initializing ProtocolHandler ["http-nio-8080"]
15.04.2024 09:59:08.181 [main] INFO  o.a.c.c.StandardService - Starting service [Tomcat]
15.04.2024 09:59:08.181 [main] INFO  o.a.c.c.StandardEngine - Starting Servlet engine: [Apache Tomcat/10.1.19]
15.04.2024 09:59:08.213 [main] INFO  o.a.c.c.C.[.[.[/] - Initializing Spring embedded WebApplicationContext
15.04.2024 09:59:08.213 [main] INFO  o.s.b.w.s.c.ServletWebServerApplicationContext - Root WebApplicationContext: initialization completed in 585 ms
15.04.2024 09:59:08.354 [main] INFO  o.s.b.a.w.s.WelcomePageHandlerMapping - Adding welcome page: class path resource [static/index.html]
15.04.2024 09:59:08.551 [main] INFO  o.a.c.h.Http11NioProtocol - Starting ProtocolHandler ["http-nio-8080"]
15.04.2024 09:59:08.562 [main] INFO  o.s.b.w.e.t.TomcatWebServer - Tomcat started on port 8080 (http) with context path ''
15.04.2024 09:59:08.569 [main] INFO  r.f.i.p.PpkConverterGeojsonApplication - Started PpkConverterGeojsonApplication in 1.192 seconds (process running for 1.612)
15.04.2024 09:59:22.806 [main] INFO  r.f.i.p.PpkConverterGeojsonApplication - Starting PpkConverterGeojsonApplication using Java 17.0.9 with PID 3608 (C:\Users\Denis\IdeaProjects\ppk-converter-geojson\target\classes started by Denis in C:\Users\Denis\IdeaProjects\ppk-converter-geojson)
15.04.2024 09:59:22.808 [main] INFO  r.f.i.p.PpkConverterGeojsonApplication - No active profile set, falling back to 1 default profile: "default"
15.04.2024 09:59:23.345 [main] INFO  o.s.b.w.e.t.TomcatWebServer - Tomcat initialized with port 8080 (http)
15.04.2024 09:59:23.353 [main] INFO  o.a.c.h.Http11NioProtocol - Initializing ProtocolHandler ["http-nio-8080"]
15.04.2024 09:59:23.355 [main] INFO  o.a.c.c.StandardService - Starting service [Tomcat]
15.04.2024 09:59:23.355 [main] INFO  o.a.c.c.StandardEngine - Starting Servlet engine: [Apache Tomcat/10.1.19]
15.04.2024 09:59:23.391 [main] INFO  o.a.c.c.C.[.[.[/] - Initializing Spring embedded WebApplicationContext
15.04.2024 09:59:23.391 [main] INFO  o.s.b.w.s.c.ServletWebServerApplicationContext - Root WebApplicationContext: initialization completed in 558 ms
15.04.2024 09:59:23.528 [main] INFO  o.s.b.a.w.s.WelcomePageHandlerMapping - Adding welcome page: class path resource [static/index.html]
15.04.2024 09:59:23.712 [main] INFO  o.a.c.h.Http11NioProtocol - Starting ProtocolHandler ["http-nio-8080"]
15.04.2024 09:59:23.722 [main] INFO  o.s.b.w.e.t.TomcatWebServer - Tomcat started on port 8080 (http) with context path ''
15.04.2024 09:59:23.728 [main] INFO  r.f.i.p.PpkConverterGeojsonApplication - Started PpkConverterGeojsonApplication in 1.139 seconds (process running for 1.556)
15.04.2024 09:59:28.380 [http-nio-8080-exec-1] INFO  o.a.c.c.C.[.[.[/] - Initializing Spring DispatcherServlet 'dispatcherServlet'
15.04.2024 09:59:28.381 [http-nio-8080-exec-1] INFO  o.s.w.s.DispatcherServlet - Initializing Servlet 'dispatcherServlet'
15.04.2024 09:59:28.382 [http-nio-8080-exec-1] INFO  o.s.w.s.DispatcherServlet - Completed initialization in 1 ms
15.04.2024 09:59:28.398 [http-nio-8080-exec-1] WARN  r.f.i.p.c.CommonExceptionHandler - No static resource favicon.ico.
15.04.2024 09:59:32.903 [http-nio-8080-exec-3] WARN  r.f.i.p.c.CommonExceptionHandler - No static resource favicon.ico.
15.04.2024 09:59:41.751 [http-nio-8080-exec-4] INFO  r.f.i.p.s.PpkConverterServiceImpl - start converting convertToGeojson
15.04.2024 09:59:41.816 [http-nio-8080-exec-4] INFO  r.f.i.p.s.PpkConverterServiceImpl - end converting convertToGeojson
15.04.2024 10:42:01.725 [main] INFO  r.f.i.p.PpkConverterGeojsonApplication - Starting PpkConverterGeojsonApplication using Java 17.0.9 with PID 18620 (C:\Users\Denis\IdeaProjects\ppk-converter-geojson\target\classes started by Denis in C:\Users\Denis\IdeaProjects\ppk-converter-geojson)
15.04.2024 10:42:01.726 [main] INFO  r.f.i.p.PpkConverterGeojsonApplication - No active profile set, falling back to 1 default profile: "default"
15.04.2024 10:42:02.647 [main] INFO  o.s.b.w.e.t.TomcatWebServer - Tomcat initialized with port 8080 (http)
15.04.2024 10:42:02.659 [main] INFO  o.a.c.h.Http11NioProtocol - Initializing ProtocolHandler ["http-nio-8080"]
15.04.2024 10:42:02.660 [main] INFO  o.a.c.c.StandardService - Starting service [Tomcat]
15.04.2024 10:42:02.661 [main] INFO  o.a.c.c.StandardEngine - Starting Servlet engine: [Apache Tomcat/10.1.19]
15.04.2024 10:42:02.719 [main] INFO  o.a.c.c.C.[.[.[/] - Initializing Spring embedded WebApplicationContext
15.04.2024 10:42:02.719 [main] INFO  o.s.b.w.s.c.ServletWebServerApplicationContext - Root WebApplicationContext: initialization completed in 953 ms
15.04.2024 10:42:02.919 [main] INFO  o.s.b.a.w.s.WelcomePageHandlerMapping - Adding welcome page: class path resource [static/index.html]
15.04.2024 10:42:03.156 [main] INFO  o.a.c.h.Http11NioProtocol - Starting ProtocolHandler ["http-nio-8080"]
15.04.2024 10:42:03.170 [main] INFO  o.s.b.w.e.t.TomcatWebServer - Tomcat started on port 8080 (http) with context path ''
15.04.2024 10:42:03.178 [main] INFO  r.f.i.p.PpkConverterGeojsonApplication - Started PpkConverterGeojsonApplication in 1.812 seconds (process running for 2.488)
15.04.2024 10:42:08.960 [main] INFO  r.f.i.p.PpkConverterGeojsonApplication - Starting PpkConverterGeojsonApplication using Java 17.0.9 with PID 23136 (C:\Users\Denis\IdeaProjects\ppk-converter-geojson\target\classes started by Denis in C:\Users\Denis\IdeaProjects\ppk-converter-geojson)
15.04.2024 10:42:08.962 [main] INFO  r.f.i.p.PpkConverterGeojsonApplication - No active profile set, falling back to 1 default profile: "default"
15.04.2024 10:42:09.618 [main] INFO  o.s.b.w.e.t.TomcatWebServer - Tomcat initialized with port 8080 (http)
15.04.2024 10:42:09.625 [main] INFO  o.a.c.h.Http11NioProtocol - Initializing ProtocolHandler ["http-nio-8080"]
15.04.2024 10:42:09.626 [main] INFO  o.a.c.c.StandardService - Starting service [Tomcat]
15.04.2024 10:42:09.626 [main] INFO  o.a.c.c.StandardEngine - Starting Servlet engine: [Apache Tomcat/10.1.19]
15.04.2024 10:42:09.664 [main] INFO  o.a.c.c.C.[.[.[/] - Initializing Spring embedded WebApplicationContext
15.04.2024 10:42:09.664 [main] INFO  o.s.b.w.s.c.ServletWebServerApplicationContext - Root WebApplicationContext: initialization completed in 669 ms
15.04.2024 10:42:09.808 [main] INFO  o.s.b.a.w.s.WelcomePageHandlerMapping - Adding welcome page: class path resource [static/index.html]
15.04.2024 10:42:10.014 [main] INFO  o.a.c.h.Http11NioProtocol - Starting ProtocolHandler ["http-nio-8080"]
15.04.2024 10:42:10.026 [main] INFO  o.s.b.w.e.t.TomcatWebServer - Tomcat started on port 8080 (http) with context path ''
15.04.2024 10:42:10.033 [main] INFO  r.f.i.p.PpkConverterGeojsonApplication - Started PpkConverterGeojsonApplication in 1.346 seconds (process running for 1.82)
15.04.2024 10:52:31.122 [main] INFO  r.f.i.p.PpkConverterGeojsonApplication - Starting PpkConverterGeojsonApplication using Java 17.0.9 with PID 14564 (C:\Users\Denis\IdeaProjects\ppk-converter-geojson\target\classes started by Denis in C:\Users\Denis\IdeaProjects\ppk-converter-geojson)
15.04.2024 10:52:31.123 [main] INFO  r.f.i.p.PpkConverterGeojsonApplication - No active profile set, falling back to 1 default profile: "default"
15.04.2024 10:52:31.670 [main] INFO  o.s.b.w.e.t.TomcatWebServer - Tomcat initialized with port 8080 (http)
15.04.2024 10:52:31.677 [main] INFO  o.a.c.h.Http11NioProtocol - Initializing ProtocolHandler ["http-nio-8080"]
15.04.2024 10:52:31.679 [main] INFO  o.a.c.c.StandardService - Starting service [Tomcat]
15.04.2024 10:52:31.679 [main] INFO  o.a.c.c.StandardEngine - Starting Servlet engine: [Apache Tomcat/10.1.19]
15.04.2024 10:52:31.711 [main] INFO  o.a.c.c.C.[.[.[/] - Initializing Spring embedded WebApplicationContext
15.04.2024 10:52:31.711 [main] INFO  o.s.b.w.s.c.ServletWebServerApplicationContext - Root WebApplicationContext: initialization completed in 562 ms
15.04.2024 10:52:31.840 [main] INFO  o.s.b.a.w.s.WelcomePageHandlerMapping - Adding welcome page: class path resource [static/index.html]
15.04.2024 10:52:32.019 [main] INFO  o.a.c.h.Http11NioProtocol - Starting ProtocolHandler ["http-nio-8080"]
15.04.2024 10:52:32.029 [main] INFO  o.s.b.w.e.t.TomcatWebServer - Tomcat started on port 8080 (http) with context path ''
15.04.2024 10:52:32.036 [main] INFO  r.f.i.p.PpkConverterGeojsonApplication - Started PpkConverterGeojsonApplication in 1.149 seconds (process running for 1.567)
15.04.2024 10:52:38.266 [http-nio-8080-exec-1] INFO  o.a.c.c.C.[.[.[/] - Initializing Spring DispatcherServlet 'dispatcherServlet'
15.04.2024 10:52:38.266 [http-nio-8080-exec-1] INFO  o.s.w.s.DispatcherServlet - Initializing Servlet 'dispatcherServlet'
15.04.2024 10:52:38.267 [http-nio-8080-exec-1] INFO  o.s.w.s.DispatcherServlet - Completed initialization in 1 ms
15.04.2024 10:52:38.288 [http-nio-8080-exec-1] WARN  r.f.i.p.c.CommonExceptionHandler - No static resource favicon.ico.
15.04.2024 10:52:43.023 [http-nio-8080-exec-8] INFO  r.f.i.p.s.PpkConverterServiceImpl - start converting convertToGeojson
15.04.2024 10:52:43.086 [http-nio-8080-exec-8] INFO  r.f.i.p.s.PpkConverterServiceImpl - end converting convertToGeojson
15.04.2024 11:12:32.528 [main] INFO  r.f.i.p.PpkConverterGeojsonApplication - Starting PpkConverterGeojsonApplication using Java 17.0.9 with PID 22556 (C:\Users\Denis\IdeaProjects\ppk-converter-geojson\target\classes started by Denis in C:\Users\Denis\IdeaProjects\ppk-converter-geojson)
15.04.2024 11:12:32.531 [main] INFO  r.f.i.p.PpkConverterGeojsonApplication - No active profile set, falling back to 1 default profile: "default"
15.04.2024 11:12:33.780 [main] INFO  o.s.b.w.e.t.TomcatWebServer - Tomcat initialized with port 8080 (http)
15.04.2024 11:12:33.793 [main] INFO  o.a.c.h.Http11NioProtocol - Initializing ProtocolHandler ["http-nio-8080"]
15.04.2024 11:12:33.796 [main] INFO  o.a.c.c.StandardService - Starting service [Tomcat]
15.04.2024 11:12:33.797 [main] INFO  o.a.c.c.StandardEngine - Starting Servlet engine: [Apache Tomcat/10.1.19]
15.04.2024 11:12:33.884 [main] INFO  o.a.c.c.C.[.[.[/] - Initializing Spring embedded WebApplicationContext
15.04.2024 11:12:33.884 [main] INFO  o.s.b.w.s.c.ServletWebServerApplicationContext - Root WebApplicationContext: initialization completed in 1296 ms
15.04.2024 11:12:34.164 [main] INFO  o.s.b.a.w.s.WelcomePageHandlerMapping - Adding welcome page: class path resource [static/index.html]
15.04.2024 11:12:34.539 [main] INFO  o.a.c.h.Http11NioProtocol - Starting ProtocolHandler ["http-nio-8080"]
15.04.2024 11:12:34.555 [main] INFO  o.s.b.w.e.t.TomcatWebServer - Tomcat started on port 8080 (http) with context path ''
15.04.2024 11:12:34.564 [main] INFO  r.f.i.p.PpkConverterGeojsonApplication - Started PpkConverterGeojsonApplication in 2.481 seconds (process running for 3.327)
15.04.2024 11:12:41.308 [http-nio-8080-exec-1] INFO  o.a.c.c.C.[.[.[/] - Initializing Spring DispatcherServlet 'dispatcherServlet'
15.04.2024 11:12:41.309 [http-nio-8080-exec-1] INFO  o.s.w.s.DispatcherServlet - Initializing Servlet 'dispatcherServlet'
15.04.2024 11:12:41.311 [http-nio-8080-exec-1] INFO  o.s.w.s.DispatcherServlet - Completed initialization in 2 ms
15.04.2024 11:12:41.343 [http-nio-8080-exec-1] WARN  r.f.i.p.c.CommonExceptionHandler - No static resource favicon.ico.
15.04.2024 11:12:48.460 [http-nio-8080-exec-3] INFO  r.f.i.p.s.PpkConverterServiceImpl - start converting convertToGeojson
15.04.2024 11:12:48.854 [http-nio-8080-exec-3] INFO  r.f.i.p.s.PpkConverterServiceImpl - end converting convertToGeojson
15.04.2024 11:13:25.844 [http-nio-8080-exec-2] WARN  r.f.i.p.c.CommonExceptionHandler - No static resource favicon.ico.
15.04.2024 11:13:29.329 [http-nio-8080-exec-4] INFO  r.f.i.p.s.PpkConverterServiceImpl - start converting convertToGeojson
15.04.2024 11:13:29.331 [http-nio-8080-exec-4] INFO  r.f.i.p.s.PpkConverterServiceImpl - end converting convertToGeojson
